<?xml version="1.0" encoding="UTF-8"?>
<!-- Generated by org.testng.reporters.JUnitXMLReporter -->
<testsuite hostname="LAPTOP-7ID18QUT" name="UserRegistration" tests="2" failures="0" timestamp="6 Jul 2018 13:34:15 GMT" time="35.481" errors="0">
  <testcase name="Register" time="0.598" classname="com.DataDriven.NewTours_NewUserRegistration_TestData"/>
  <testcase name="UserRegistration" time="17.51" classname="com.DataDriven.NewTours_NewUserRegistration_TestData"/>
</testsuite> <!-- UserRegistration -->
